<?xml version="1.0" encoding="UTF-8"?>
<!-- Generated by org.testng.reporters.JUnitReportReporter -->
<testsuite hostname="Lenovo" failures="0" tests="3" name="com.Runner_After.TestNG_Dataprovider" time="0.600" errors="0" timestamp="2022-11-18T19:05:10 IST" skipped="0">
  <testcase classname="com.Runner_After.TestNG_Dataprovider" name="credential" time="0.014"/>
  <system-out/>
  <testcase classname="com.Runner_After.TestNG_Dataprovider" name="credential" time="0.574"/>
  <system-out/>
  <testcase classname="com.Runner_After.TestNG_Dataprovider" name="credential" time="0.012"/>
  <system-out/>
</testsuite> <!-- com.Runner_After.TestNG_Dataprovider -->
