<?xml version="1.0" encoding="UTF-8"?>
<!-- Generated by org.testng.reporters.JUnitReportReporter -->
<testsuite hostname="Lenovo" failures="0" tests="1" name="com.Runner_After.TestNG_Parameter$TestNG_Parameters" time="4.309" errors="0" timestamp="2022-11-17T12:00:57 IST" skipped="0">
  <testcase classname="com.Runner_After.TestNG_Parameter$TestNG_Parameters" name="session_created" time="4.309"/>
  <system-out/>
</testsuite> <!-- com.Runner_After.TestNG_Parameter$TestNG_Parameters -->
