<?xml version="1.0" encoding="UTF-8"?>
<!-- Generated by org.testng.reporters.JUnitReportReporter -->
<testsuite hostname="Lenovo" failures="0" tests="1" name="com.Runner_After.TestNG_Parameter" time="0.861" errors="0" timestamp="2022-11-18T13:31:17 IST" skipped="0">
  <testcase classname="com.Runner_After.TestNG_Parameter" name="credential_login" time="0.861"/>
  <system-out/>
</testsuite> <!-- com.Runner_After.TestNG_Parameter -->
