<?xml version="1.0" encoding="UTF-8"?>
<!-- Generated by org.testng.reporters.JUnitReportReporter -->
<testsuite hostname="Lenovo" failures="0" tests="6" name="com.Runner_After.TestNG_Attributes" time="18.417" errors="0" timestamp="2022-11-17T13:04:54 IST" skipped="0">
  <testcase classname="com.Runner_After.TestNG_Attributes" name="session_created" time="3.127"/>
  <system-out/>
  <testcase classname="com.Runner_After.TestNG_Attributes" name="credential" time="0.821"/>
  <system-out/>
  <testcase classname="com.Runner_After.TestNG_Attributes" name="hotel_details" time="4.008"/>
  <system-out/>
  <testcase classname="com.Runner_After.TestNG_Attributes" name="nextpage" time="1.816"/>
  <system-out/>
  <testcase classname="com.Runner_After.TestNG_Attributes" name="account_Details" time="1.739"/>
  <system-out/>
  <testcase classname="com.Runner_After.TestNG_Attributes" name="booking_Details" time="6.906"/>
  <system-out/>
</testsuite> <!-- com.Runner_After.TestNG_Attributes -->
